{
  "C:\\Users\\felip\\OneDrive\\Documentos\\felipe\\03_Desarrollo_Web\\piic.com.mx\\src\\App.tsx": {
    "path": "C:\\Users\\felip\\OneDrive\\Documentos\\felipe\\03_Desarrollo_Web\\piic.com.mx\\src\\App.tsx",
    "statementMap": {
      "0": { "start": { "line": 16, "column": 6 }, "end": { "line": 16, "column": null } },
      "1": { "start": { "line": 16, "column": 35 }, "end": { "line": 16, "column": null } },
      "2": { "start": { "line": 17, "column": 6 }, "end": { "line": 17, "column": null } },
      "3": { "start": { "line": 17, "column": 33 }, "end": { "line": 17, "column": null } },
      "4": { "start": { "line": 20, "column": 26 }, "end": { "line": 23, "column": null } },
      "5": { "start": { "line": 21, "column": 2 }, "end": { "line": 23, "column": null } },
      "6": { "start": { "line": 27, "column": 46 }, "end": { "line": 30, "column": null } },
      "7": { "start": { "line": 28, "column": 20 }, "end": { "line": 28, "column": null } },
      "8": { "start": { "line": 29, "column": 4 }, "end": { "line": 29, "column": null } },
      "9": { "start": { "line": 32, "column": 30 }, "end": { "line": 35, "column": null } },
      "10": { "start": { "line": 33, "column": 4 }, "end": { "line": 33, "column": null } },
      "11": { "start": { "line": 34, "column": 4 }, "end": { "line": 34, "column": null } },
      "12": { "start": { "line": 37, "column": 2 }, "end": { "line": 76, "column": null } }
    },
    "fnMap": {
      "0": {
        "name": "(anonymous_0)",
        "decl": { "start": { "line": 16, "column": 29 }, "end": { "line": 16, "column": 35 } },
        "loc": { "start": { "line": 16, "column": 35 }, "end": { "line": 16, "column": null } },
        "line": 16
      },
      "1": {
        "name": "(anonymous_1)",
        "decl": { "start": { "line": 17, "column": 27 }, "end": { "line": 17, "column": 33 } },
        "loc": { "start": { "line": 17, "column": 33 }, "end": { "line": 17, "column": null } },
        "line": 17
      },
      "2": {
        "name": "(anonymous_2)",
        "decl": { "start": { "line": 20, "column": 26 }, "end": { "line": 20, "column": null } },
        "loc": { "start": { "line": 21, "column": 2 }, "end": { "line": 23, "column": null } },
        "line": 21
      },
      "3": {
        "name": "App",
        "decl": { "start": { "line": 26, "column": 9 }, "end": { "line": 26, "column": 15 } },
        "loc": { "start": { "line": 26, "column": 15 }, "end": { "line": 78, "column": null } },
        "line": 26
      },
      "4": {
        "name": "(anonymous_4)",
        "decl": { "start": { "line": 27, "column": 59 }, "end": { "line": 27, "column": 65 } },
        "loc": { "start": { "line": 27, "column": 65 }, "end": { "line": 30, "column": 3 } },
        "line": 27
      },
      "5": {
        "name": "(anonymous_5)",
        "decl": { "start": { "line": 32, "column": 30 }, "end": { "line": 32, "column": 36 } },
        "loc": { "start": { "line": 32, "column": 36 }, "end": { "line": 35, "column": null } },
        "line": 32
      }
    },
    "branchMap": {},
    "s": {
      "0": 1,
      "1": 1,
      "2": 1,
      "3": 1,
      "4": 1,
      "5": 3,
      "6": 7,
      "7": 6,
      "8": 6,
      "9": 7,
      "10": 1,
      "11": 1,
      "12": 7
    },
    "f": { "0": 1, "1": 1, "2": 3, "3": 7, "4": 6, "5": 1 },
    "b": {},
    "meta": {
      "lastBranch": 0,
      "lastFunction": 6,
      "lastStatement": 13,
      "seen": {
        "s:16:6:16:Infinity": 0,
        "f:16:29:16:35": 0,
        "s:16:35:16:Infinity": 1,
        "s:17:6:17:Infinity": 2,
        "f:17:27:17:33": 1,
        "s:17:33:17:Infinity": 3,
        "s:20:26:23:Infinity": 4,
        "f:20:26:20:Infinity": 2,
        "s:21:2:23:Infinity": 5,
        "f:26:9:26:15": 3,
        "s:27:46:30:Infinity": 6,
        "f:27:59:27:65": 4,
        "s:28:20:28:Infinity": 7,
        "s:29:4:29:Infinity": 8,
        "s:32:30:35:Infinity": 9,
        "f:32:30:32:36": 5,
        "s:33:4:33:Infinity": 10,
        "s:34:4:34:Infinity": 11,
        "s:37:2:76:Infinity": 12
      }
    }
  },
  "C:\\Users\\felip\\OneDrive\\Documentos\\felipe\\03_Desarrollo_Web\\piic.com.mx\\src\\components\\Button.tsx": {
    "path": "C:\\Users\\felip\\OneDrive\\Documentos\\felipe\\03_Desarrollo_Web\\piic.com.mx\\src\\components\\Button.tsx",
    "statementMap": {
      "0": { "start": { "line": 12, "column": 38 }, "end": { "line": 35, "column": null } },
      "1": { "start": { "line": 20, "column": 20 }, "end": { "line": 20, "column": null } },
      "2": { "start": { "line": 22, "column": 2 }, "end": { "line": 28, "column": null } },
      "3": { "start": { "line": 23, "column": 4 }, "end": { "line": 26, "column": null } },
      "4": { "start": { "line": 30, "column": 2 }, "end": { "line": 33, "column": null } }
    },
    "fnMap": {
      "0": {
        "name": "(anonymous_0)",
        "decl": { "start": { "line": 12, "column": 38 }, "end": { "line": 12, "column": 39 } },
        "loc": { "start": { "line": 19, "column": 6 }, "end": { "line": 35, "column": null } },
        "line": 19
      }
    },
    "branchMap": {
      "0": {
        "loc": { "start": { "line": 14, "column": 2 }, "end": { "line": 14, "column": null } },
        "type": "default-arg",
        "locations": [
          { "start": { "line": 14, "column": 12 }, "end": { "line": 14, "column": null } }
        ],
        "line": 14
      },
      "1": {
        "loc": { "start": { "line": 16, "column": 2 }, "end": { "line": 16, "column": null } },
        "type": "default-arg",
        "locations": [
          { "start": { "line": 16, "column": 14 }, "end": { "line": 16, "column": null } }
        ],
        "line": 16
      },
      "2": {
        "loc": { "start": { "line": 18, "column": 2 }, "end": { "line": 18, "column": null } },
        "type": "default-arg",
        "locations": [
          { "start": { "line": 18, "column": 14 }, "end": { "line": 18, "column": null } }
        ],
        "line": 18
      },
      "3": {
        "loc": { "start": { "line": 20, "column": 42 }, "end": { "line": 20, "column": 69 } },
        "type": "cond-expr",
        "locations": [
          { "start": { "line": 20, "column": 54 }, "end": { "line": 20, "column": 67 } },
          { "start": { "line": 20, "column": 67 }, "end": { "line": 20, "column": 69 } }
        ],
        "line": 20
      },
      "4": {
        "loc": { "start": { "line": 22, "column": 2 }, "end": { "line": 28, "column": null } },
        "type": "if",
        "locations": [
          { "start": { "line": 22, "column": 2 }, "end": { "line": 28, "column": null } },
          { "start": {}, "end": {} }
        ],
        "line": 22
      }
    },
    "s": { "0": 5, "1": 154, "2": 154, "3": 128, "4": 26 },
    "f": { "0": 154 },
    "b": { "0": [154], "1": [154], "2": [154], "3": [22, 132], "4": [128, 26] },
    "meta": {
      "lastBranch": 5,
      "lastFunction": 1,
      "lastStatement": 5,
      "seen": {
        "s:12:38:35:Infinity": 0,
        "f:12:38:12:39": 0,
        "b:14:12:14:Infinity": 0,
        "b:16:14:16:Infinity": 1,
        "b:18:14:18:Infinity": 2,
        "s:20:20:20:Infinity": 1,
        "b:20:54:20:67:20:67:20:69": 3,
        "b:22:2:28:Infinity:undefined:undefined:undefined:undefined": 4,
        "s:22:2:28:Infinity": 2,
        "s:23:4:26:Infinity": 3,
        "s:30:2:33:Infinity": 4
      }
    }
  },
  "C:\\Users\\felip\\OneDrive\\Documentos\\felipe\\03_Desarrollo_Web\\piic.com.mx\\src\\components\\CookieBanner.tsx": {
    "path": "C:\\Users\\felip\\OneDrive\\Documentos\\felipe\\03_Desarrollo_Web\\piic.com.mx\\src\\components\\CookieBanner.tsx",
    "statementMap": {
      "0": { "start": { "line": 10, "column": 50 }, "end": { "line": 121, "column": null } },
      "1": { "start": { "line": 11, "column": 12 }, "end": { "line": 11, "column": null } },
      "2": { "start": { "line": 12, "column": 8 }, "end": { "line": 12, "column": null } },
      "3": { "start": { "line": 13, "column": 23 }, "end": { "line": 13, "column": null } },
      "4": { "start": { "line": 15, "column": 2 }, "end": { "line": 15, "column": null } },
      "5": { "start": { "line": 15, "column": 18 }, "end": { "line": 15, "column": null } },
      "6": { "start": { "line": 17, "column": 2 }, "end": { "line": 119, "column": null } }
    },
    "fnMap": {
      "0": {
        "name": "(anonymous_0)",
        "decl": { "start": { "line": 10, "column": 50 }, "end": { "line": 10, "column": 51 } },
        "loc": { "start": { "line": 10, "column": 79 }, "end": { "line": 121, "column": null } },
        "line": 10
      }
    },
    "branchMap": {
      "0": {
        "loc": { "start": { "line": 15, "column": 2 }, "end": { "line": 15, "column": null } },
        "type": "if",
        "locations": [
          { "start": { "line": 15, "column": 2 }, "end": { "line": 15, "column": null } },
          { "start": {}, "end": {} }
        ],
        "line": 15
      },
      "1": {
        "loc": { "start": { "line": 22, "column": 11 }, "end": { "line": 27, "column": null } },
        "type": "cond-expr",
        "locations": [
          { "start": { "line": 23, "column": 12 }, "end": { "line": 23, "column": null } },
          { "start": { "line": 25, "column": 12 }, "end": { "line": 27, "column": null } }
        ],
        "line": 22
      }
    },
    "s": { "0": 2, "1": 11, "2": 11, "3": 11, "4": 11, "5": 6, "6": 5 },
    "f": { "0": 11 },
    "b": { "0": [6, 5], "1": [1, 4] },
    "meta": {
      "lastBranch": 2,
      "lastFunction": 1,
      "lastStatement": 7,
      "seen": {
        "s:10:50:121:Infinity": 0,
        "f:10:50:10:51": 0,
        "s:11:12:11:Infinity": 1,
        "s:12:8:12:Infinity": 2,
        "s:13:23:13:Infinity": 3,
        "b:15:2:15:Infinity:undefined:undefined:undefined:undefined": 0,
        "s:15:2:15:Infinity": 4,
        "s:15:18:15:Infinity": 5,
        "s:17:2:119:Infinity": 6,
        "b:23:12:23:Infinity:25:12:27:Infinity": 1
      }
    }
  },
  "C:\\Users\\felip\\OneDrive\\Documentos\\felipe\\03_Desarrollo_Web\\piic.com.mx\\src\\components\\LanguageSwitcher.tsx": {
    "path": "C:\\Users\\felip\\OneDrive\\Documentos\\felipe\\03_Desarrollo_Web\\piic.com.mx\\src\\components\\LanguageSwitcher.tsx",
    "statementMap": {
      "0": { "start": { "line": 4, "column": 35 }, "end": { "line": 59, "column": null } },
      "1": { "start": { "line": 5, "column": 15 }, "end": { "line": 5, "column": null } },
      "2": { "start": { "line": 7, "column": 25 }, "end": { "line": 10, "column": null } },
      "3": { "start": { "line": 8, "column": 20 }, "end": { "line": 8, "column": null } },
      "4": { "start": { "line": 9, "column": 4 }, "end": { "line": 9, "column": null } },
      "5": { "start": { "line": 12, "column": 8 }, "end": { "line": 12, "column": null } },
      "6": { "start": { "line": 14, "column": 2 }, "end": { "line": 57, "column": null } }
    },
    "fnMap": {
      "0": {
        "name": "(anonymous_0)",
        "decl": { "start": { "line": 4, "column": 35 }, "end": { "line": 4, "column": 41 } },
        "loc": { "start": { "line": 4, "column": 41 }, "end": { "line": 59, "column": null } },
        "line": 4
      },
      "1": {
        "name": "(anonymous_1)",
        "decl": { "start": { "line": 7, "column": 25 }, "end": { "line": 7, "column": 31 } },
        "loc": { "start": { "line": 7, "column": 31 }, "end": { "line": 10, "column": null } },
        "line": 7
      }
    },
    "branchMap": {
      "0": {
        "loc": { "start": { "line": 8, "column": 20 }, "end": { "line": 8, "column": null } },
        "type": "cond-expr",
        "locations": [
          { "start": { "line": 8, "column": 45 }, "end": { "line": 8, "column": 52 } },
          { "start": { "line": 8, "column": 52 }, "end": { "line": 8, "column": null } }
        ],
        "line": 8
      },
      "1": {
        "loc": { "start": { "line": 12, "column": 23 }, "end": { "line": 12, "column": 46 } },
        "type": "binary-expr",
        "locations": [
          { "start": { "line": 12, "column": 23 }, "end": { "line": 12, "column": 40 } },
          { "start": { "line": 12, "column": 40 }, "end": { "line": 12, "column": 46 } }
        ],
        "line": 12
      },
      "2": {
        "loc": { "start": { "line": 17, "column": 35 }, "end": { "line": 17, "column": 70 } },
        "type": "cond-expr",
        "locations": [
          { "start": { "line": 17, "column": 58 }, "end": { "line": 17, "column": 65 } },
          { "start": { "line": 17, "column": 65 }, "end": { "line": 17, "column": 70 } }
        ],
        "line": 17
      }
    },
    "s": { "0": 4, "1": 25, "2": 25, "3": 2, "4": 2, "5": 25, "6": 25 },
    "f": { "0": 25, "1": 2 },
    "b": { "0": [1, 1], "1": [25, 1], "2": [24, 1] },
    "meta": {
      "lastBranch": 3,
      "lastFunction": 2,
      "lastStatement": 7,
      "seen": {
        "s:4:35:59:Infinity": 0,
        "f:4:35:4:41": 0,
        "s:5:15:5:Infinity": 1,
        "s:7:25:10:Infinity": 2,
        "f:7:25:7:31": 1,
        "s:8:20:8:Infinity": 3,
        "b:8:45:8:52:8:52:8:Infinity": 0,
        "s:9:4:9:Infinity": 4,
        "s:12:8:12:Infinity": 5,
        "b:12:23:12:40:12:40:12:46": 1,
        "s:14:2:57:Infinity": 6,
        "b:17:58:17:65:17:65:17:70": 2
      }
    }
  },
  "C:\\Users\\felip\\OneDrive\\Documentos\\felipe\\03_Desarrollo_Web\\piic.com.mx\\src\\components\\WhatsAppPill.tsx": {
    "path": "C:\\Users\\felip\\OneDrive\\Documentos\\felipe\\03_Desarrollo_Web\\piic.com.mx\\src\\components\\WhatsAppPill.tsx",
    "statementMap": {
      "0": { "start": { "line": 7, "column": 50 }, "end": { "line": 95, "column": null } },
      "1": { "start": { "line": 9, "column": 22 }, "end": { "line": 9, "column": null } },
      "2": { "start": { "line": 10, "column": 21 }, "end": { "line": 10, "column": null } },
      "3": { "start": { "line": 11, "column": 18 }, "end": { "line": 11, "column": null } },
      "4": { "start": { "line": 13, "column": 17 }, "end": { "line": 13, "column": null } },
      "5": { "start": { "line": 15, "column": 2 }, "end": { "line": 93, "column": null } }
    },
    "fnMap": {
      "0": {
        "name": "(anonymous_0)",
        "decl": { "start": { "line": 7, "column": 50 }, "end": { "line": 7, "column": 51 } },
        "loc": { "start": { "line": 7, "column": 81 }, "end": { "line": 95, "column": null } },
        "line": 7
      }
    },
    "branchMap": {
      "0": {
        "loc": { "start": { "line": 31, "column": 20 }, "end": { "line": 31, "column": 59 } },
        "type": "cond-expr",
        "locations": [
          { "start": { "line": 31, "column": 44 }, "end": { "line": 31, "column": 53 } },
          { "start": { "line": 31, "column": 53 }, "end": { "line": 31, "column": 59 } }
        ],
        "line": 31
      },
      "1": {
        "loc": { "start": { "line": 32, "column": 19 }, "end": { "line": 32, "column": 58 } },
        "type": "cond-expr",
        "locations": [
          { "start": { "line": 32, "column": 43 }, "end": { "line": 32, "column": 52 } },
          { "start": { "line": 32, "column": 52 }, "end": { "line": 32, "column": 58 } }
        ],
        "line": 32
      },
      "2": {
        "loc": { "start": { "line": 47, "column": 22 }, "end": { "line": 47, "column": 62 } },
        "type": "cond-expr",
        "locations": [
          { "start": { "line": 47, "column": 46 }, "end": { "line": 47, "column": 56 } },
          { "start": { "line": 47, "column": 56 }, "end": { "line": 47, "column": 62 } }
        ],
        "line": 47
      },
      "3": {
        "loc": { "start": { "line": 48, "column": 21 }, "end": { "line": 48, "column": 60 } },
        "type": "cond-expr",
        "locations": [
          { "start": { "line": 48, "column": 45 }, "end": { "line": 48, "column": 54 } },
          { "start": { "line": 48, "column": 54 }, "end": { "line": 48, "column": 60 } }
        ],
        "line": 48
      }
    },
    "s": { "0": 2, "1": 10, "2": 10, "3": 10, "4": 10, "5": 10 },
    "f": { "0": 10 },
    "b": { "0": [3, 7], "1": [3, 7], "2": [3, 7], "3": [3, 7] },
    "meta": {
      "lastBranch": 4,
      "lastFunction": 1,
      "lastStatement": 6,
      "seen": {
        "s:7:50:95:Infinity": 0,
        "f:7:50:7:51": 0,
        "s:9:22:9:Infinity": 1,
        "s:10:21:10:Infinity": 2,
        "s:11:18:11:Infinity": 3,
        "s:13:17:13:Infinity": 4,
        "s:15:2:93:Infinity": 5,
        "b:31:44:31:53:31:53:31:59": 0,
        "b:32:43:32:52:32:52:32:58": 1,
        "b:47:46:47:56:47:56:47:62": 2,
        "b:48:45:48:54:48:54:48:60": 3
      }
    }
  },
  "C:\\Users\\felip\\OneDrive\\Documentos\\felipe\\03_Desarrollo_Web\\piic.com.mx\\src\\pages\\OilSkimmersForm.tsx": {
    "path": "C:\\Users\\felip\\OneDrive\\Documentos\\felipe\\03_Desarrollo_Web\\piic.com.mx\\src\\pages\\OilSkimmersForm.tsx",
    "statementMap": {
      "0": { "start": { "line": 8, "column": 23 }, "end": { "line": 8, "column": null } },
      "1": { "start": { "line": 42, "column": 35 }, "end": { "line": 62, "column": null } },
      "2": { "start": { "line": 77, "column": 30 }, "end": { "line": 77, "column": null } },
      "3": { "start": { "line": 78, "column": 22 }, "end": { "line": 78, "column": null } },
      "4": { "start": { "line": 79, "column": 38 }, "end": { "line": 79, "column": null } },
      "5": { "start": { "line": 80, "column": 26 }, "end": { "line": 80, "column": null } },
      "6": { "start": { "line": 81, "column": 38 }, "end": { "line": 81, "column": null } },
      "7": { "start": { "line": 82, "column": 48 }, "end": { "line": 82, "column": null } },
      "8": { "start": { "line": 85, "column": 2 }, "end": { "line": 108, "column": null } },
      "9": { "start": { "line": 86, "column": 26 }, "end": { "line": 105, "column": null } },
      "10": { "start": { "line": 87, "column": 6 }, "end": { "line": 104, "column": null } },
      "11": { "start": { "line": 88, "column": 8 }, "end": { "line": 88, "column": null } },
      "12": { "start": { "line": 89, "column": 8 }, "end": { "line": 101, "column": null } },
      "13": { "start": { "line": 90, "column": 27 }, "end": { "line": 92, "column": null } },
      "14": { "start": { "line": 93, "column": 23 }, "end": { "line": 93, "column": null } },
      "15": { "start": { "line": 94, "column": 10 }, "end": { "line": 96, "column": null } },
      "16": { "start": { "line": 95, "column": 12 }, "end": { "line": 95, "column": null } },
      "17": { "start": { "line": 98, "column": 10 }, "end": { "line": 98, "column": null } },
      "18": { "start": { "line": 100, "column": 10 }, "end": { "line": 100, "column": null } },
      "19": { "start": { "line": 103, "column": 8 }, "end": { "line": 103, "column": null } },
      "20": { "start": { "line": 107, "column": 4 }, "end": { "line": 107, "column": null } },
      "21": { "start": { "line": 110, "column": 23 }, "end": { "line": 142, "column": null } },
      "22": { "start": { "line": 113, "column": 28 }, "end": { "line": 113, "column": null } },
      "23": { "start": { "line": 114, "column": 4 }, "end": { "line": 141, "column": null } },
      "24": { "start": { "line": 115, "column": 23 }, "end": { "line": 115, "column": null } },
      "25": { "start": { "line": 118, "column": 6 }, "end": { "line": 122, "column": null } },
      "26": { "start": { "line": 119, "column": 8 }, "end": { "line": 119, "column": null } },
      "27": { "start": { "line": 120, "column": 8 }, "end": { "line": 120, "column": null } },
      "28": { "start": { "line": 121, "column": 8 }, "end": { "line": 121, "column": null } },
      "29": { "start": { "line": 123, "column": 6 }, "end": { "line": 126, "column": null } },
      "30": { "start": { "line": 124, "column": 8 }, "end": { "line": 124, "column": null } },
      "31": { "start": { "line": 125, "column": 8 }, "end": { "line": 125, "column": null } },
      "32": { "start": { "line": 129, "column": 6 }, "end": { "line": 138, "column": null } },
      "33": { "start": { "line": 130, "column": 8 }, "end": { "line": 137, "column": null } },
      "34": { "start": { "line": 131, "column": 10 }, "end": { "line": 131, "column": null } },
      "35": { "start": { "line": 133, "column": 34 }, "end": { "line": 133, "column": null } },
      "36": { "start": { "line": 133, "column": 59 }, "end": { "line": 133, "column": 79 } },
      "37": { "start": { "line": 134, "column": 10 }, "end": { "line": 136, "column": null } },
      "38": { "start": { "line": 135, "column": 12 }, "end": { "line": 135, "column": null } },
      "39": { "start": { "line": 140, "column": 6 }, "end": { "line": 140, "column": null } },
      "40": { "start": { "line": 144, "column": 31 }, "end": { "line": 153, "column": null } },
      "41": { "start": { "line": 145, "column": 37 }, "end": { "line": 145, "column": null } },
      "42": { "start": { "line": 146, "column": 4 }, "end": { "line": 152, "column": null } },
      "43": { "start": { "line": 147, "column": 6 }, "end": { "line": 151, "column": null } },
      "44": { "start": { "line": 148, "column": 24 }, "end": { "line": 148, "column": null } },
      "45": { "start": { "line": 149, "column": 8 }, "end": { "line": 149, "column": null } },
      "46": { "start": { "line": 149, "column": 21 }, "end": { "line": 149, "column": null } },
      "47": { "start": { "line": 150, "column": 8 }, "end": { "line": 150, "column": null } },
      "48": { "start": { "line": 150, "column": 67 }, "end": { "line": 150, "column": 81 } },
      "49": { "start": { "line": 155, "column": 27 }, "end": { "line": 159, "column": null } },
      "50": { "start": { "line": 156, "column": 4 }, "end": { "line": 158, "column": null } },
      "51": { "start": { "line": 157, "column": 6 }, "end": { "line": 157, "column": null } },
      "52": { "start": { "line": 161, "column": 34 }, "end": { "line": 161, "column": null } },
      "53": { "start": { "line": 163, "column": 25 }, "end": { "line": 166, "column": null } },
      "54": { "start": { "line": 164, "column": 4 }, "end": { "line": 164, "column": null } },
      "55": { "start": { "line": 165, "column": 4 }, "end": { "line": 165, "column": null } },
      "56": { "start": { "line": 168, "column": 26 }, "end": { "line": 170, "column": null } },
      "57": { "start": { "line": 169, "column": 4 }, "end": { "line": 169, "column": null } },
      "58": { "start": { "line": 172, "column": 21 }, "end": { "line": 184, "column": null } },
      "59": { "start": { "line": 173, "column": 4 }, "end": { "line": 173, "column": null } },
      "60": { "start": { "line": 174, "column": 4 }, "end": { "line": 174, "column": null } },
      "61": { "start": { "line": 175, "column": 4 }, "end": { "line": 183, "column": null } },
      "62": { "start": { "line": 176, "column": 26 }, "end": { "line": 176, "column": null } },
      "63": { "start": { "line": 177, "column": 25 }, "end": { "line": 177, "column": null } },
      "64": { "start": { "line": 178, "column": 6 }, "end": { "line": 182, "column": null } },
      "65": { "start": { "line": 179, "column": 8 }, "end": { "line": 179, "column": null } },
      "66": { "start": { "line": 181, "column": 8 }, "end": { "line": 181, "column": null } },
      "67": { "start": { "line": 186, "column": 23 }, "end": { "line": 231, "column": null } },
      "68": { "start": { "line": 187, "column": 4 }, "end": { "line": 187, "column": null } },
      "69": { "start": { "line": 190, "column": 4 }, "end": { "line": 193, "column": null } },
      "70": { "start": { "line": 191, "column": 6 }, "end": { "line": 191, "column": null } },
      "71": { "start": { "line": 192, "column": 6 }, "end": { "line": 192, "column": null } },
      "72": { "start": { "line": 195, "column": 4 }, "end": { "line": 195, "column": null } },
      "73": { "start": { "line": 196, "column": 4 }, "end": { "line": 196, "column": null } },
      "74": { "start": { "line": 198, "column": 17 }, "end": { "line": 198, "column": null } },
      "75": { "start": { "line": 199, "column": 4 }, "end": { "line": 205, "column": null } },
      "76": { "start": { "line": 200, "column": 6 }, "end": { "line": 204, "column": null } },
      "77": { "start": { "line": 201, "column": 8 }, "end": { "line": 201, "column": null } },
      "78": { "start": { "line": 201, "column": 29 }, "end": { "line": 201, "column": 55 } },
      "79": { "start": { "line": 203, "column": 8 }, "end": { "line": 203, "column": null } },
      "80": { "start": { "line": 207, "column": 4 }, "end": { "line": 209, "column": null } },
      "81": { "start": { "line": 208, "column": 6 }, "end": { "line": 208, "column": null } },
      "82": { "start": { "line": 211, "column": 4 }, "end": { "line": 230, "column": null } },
      "83": { "start": { "line": 212, "column": 23 }, "end": { "line": 215, "column": null } },
      "84": { "start": { "line": 217, "column": 6 }, "end": { "line": 224, "column": null } },
      "85": { "start": { "line": 218, "column": 8 }, "end": { "line": 218, "column": null } },
      "86": { "start": { "line": 219, "column": 8 }, "end": { "line": 219, "column": null } },
      "87": { "start": { "line": 220, "column": 8 }, "end": { "line": 220, "column": null } },
      "88": { "start": { "line": 221, "column": 8 }, "end": { "line": 221, "column": null } },
      "89": { "start": { "line": 223, "column": 8 }, "end": { "line": 223, "column": null } },
      "90": { "start": { "line": 226, "column": 6 }, "end": { "line": 226, "column": null } },
      "91": { "start": { "line": 227, "column": 6 }, "end": { "line": 227, "column": null } },
      "92": { "start": { "line": 229, "column": 6 }, "end": { "line": 229, "column": null } },
      "93": { "start": { "line": 233, "column": 2 }, "end": { "line": 707, "column": null } },
      "94": { "start": { "line": 254, "column": 29 }, "end": { "line": 254, "column": null } },
      "95": { "start": { "line": 308, "column": 22 }, "end": { "line": 310, "column": null } },
      "96": { "start": { "line": 331, "column": 26 }, "end": { "line": 333, "column": null } },
      "97": { "start": { "line": 358, "column": 22 }, "end": { "line": 360, "column": null } },
      "98": { "start": { "line": 498, "column": 22 }, "end": { "line": 514, "column": null } },
      "99": { "start": { "line": 627, "column": 18 }, "end": { "line": 636, "column": null } }
    },
    "fnMap": {
      "0": {
        "name": "OilSkimmersForm",
        "decl": { "start": { "line": 76, "column": 24 }, "end": { "line": 76, "column": 42 } },
        "loc": { "start": { "line": 76, "column": 42 }, "end": { "line": 709, "column": null } },
        "line": 76
      },
      "1": {
        "name": "(anonymous_1)",
        "decl": { "start": { "line": 85, "column": 12 }, "end": { "line": 85, "column": 18 } },
        "loc": { "start": { "line": 85, "column": 18 }, "end": { "line": 108, "column": 5 } },
        "line": 85
      },
      "2": {
        "name": "(anonymous_2)",
        "decl": { "start": { "line": 86, "column": 26 }, "end": { "line": 86, "column": 38 } },
        "loc": { "start": { "line": 86, "column": 38 }, "end": { "line": 105, "column": null } },
        "line": 86
      },
      "3": {
        "name": "(anonymous_3)",
        "decl": { "start": { "line": 110, "column": 23 }, "end": { "line": 110, "column": null } },
        "loc": { "start": { "line": 112, "column": 7 }, "end": { "line": 142, "column": null } },
        "line": 112
      },
      "4": {
        "name": "(anonymous_4)",
        "decl": { "start": { "line": 114, "column": 16 }, "end": { "line": 114, "column": 17 } },
        "loc": { "start": { "line": 114, "column": 26 }, "end": { "line": 141, "column": 5 } },
        "line": 114
      },
      "5": {
        "name": "(anonymous_5)",
        "decl": { "start": { "line": 133, "column": 52 }, "end": { "line": 133, "column": 53 } },
        "loc": { "start": { "line": 133, "column": 59 }, "end": { "line": 133, "column": 79 } },
        "line": 133
      },
      "6": {
        "name": "(anonymous_6)",
        "decl": { "start": { "line": 144, "column": 31 }, "end": { "line": 144, "column": 32 } },
        "loc": { "start": { "line": 144, "column": 69 }, "end": { "line": 153, "column": null } },
        "line": 144
      },
      "7": {
        "name": "(anonymous_7)",
        "decl": { "start": { "line": 147, "column": 18 }, "end": { "line": 147, "column": 19 } },
        "loc": { "start": { "line": 147, "column": 28 }, "end": { "line": 151, "column": 7 } },
        "line": 147
      },
      "8": {
        "name": "(anonymous_8)",
        "decl": { "start": { "line": 150, "column": 57 }, "end": { "line": 150, "column": 58 } },
        "loc": { "start": { "line": 150, "column": 67 }, "end": { "line": 150, "column": 81 } },
        "line": 150
      },
      "9": {
        "name": "(anonymous_9)",
        "decl": { "start": { "line": 155, "column": 27 }, "end": { "line": 155, "column": 28 } },
        "loc": { "start": { "line": 155, "column": 65 }, "end": { "line": 159, "column": null } },
        "line": 155
      },
      "10": {
        "name": "(anonymous_10)",
        "decl": { "start": { "line": 163, "column": 25 }, "end": { "line": 163, "column": 26 } },
        "loc": { "start": { "line": 163, "column": 49 }, "end": { "line": 166, "column": null } },
        "line": 163
      },
      "11": {
        "name": "(anonymous_11)",
        "decl": { "start": { "line": 168, "column": 26 }, "end": { "line": 168, "column": 32 } },
        "loc": { "start": { "line": 168, "column": 32 }, "end": { "line": 170, "column": null } },
        "line": 168
      },
      "12": {
        "name": "(anonymous_12)",
        "decl": { "start": { "line": 172, "column": 21 }, "end": { "line": 172, "column": 22 } },
        "loc": { "start": { "line": 172, "column": 45 }, "end": { "line": 184, "column": null } },
        "line": 172
      },
      "13": {
        "name": "(anonymous_13)",
        "decl": { "start": { "line": 186, "column": 23 }, "end": { "line": 186, "column": 30 } },
        "loc": { "start": { "line": 186, "column": 47 }, "end": { "line": 231, "column": null } },
        "line": 186
      },
      "14": {
        "name": "(anonymous_14)",
        "decl": { "start": { "line": 199, "column": 37 }, "end": { "line": 199, "column": 38 } },
        "loc": { "start": { "line": 199, "column": 55 }, "end": { "line": 205, "column": 5 } },
        "line": 199
      },
      "15": {
        "name": "(anonymous_15)",
        "decl": { "start": { "line": 201, "column": 22 }, "end": { "line": 201, "column": 23 } },
        "loc": { "start": { "line": 201, "column": 29 }, "end": { "line": 201, "column": 55 } },
        "line": 201
      },
      "16": {
        "name": "(anonymous_16)",
        "decl": { "start": { "line": 254, "column": 23 }, "end": { "line": 254, "column": 29 } },
        "loc": { "start": { "line": 254, "column": 29 }, "end": { "line": 254, "column": null } },
        "line": 254
      },
      "17": {
        "name": "(anonymous_17)",
        "decl": { "start": { "line": 307, "column": 40 }, "end": { "line": 307, "column": 41 } },
        "loc": { "start": { "line": 308, "column": 22 }, "end": { "line": 310, "column": null } },
        "line": 308
      },
      "18": {
        "name": "(anonymous_18)",
        "decl": { "start": { "line": 330, "column": 24 }, "end": { "line": 330, "column": 25 } },
        "loc": { "start": { "line": 331, "column": 26 }, "end": { "line": 333, "column": null } },
        "line": 331
      },
      "19": {
        "name": "(anonymous_19)",
        "decl": { "start": { "line": 357, "column": 38 }, "end": { "line": 357, "column": 39 } },
        "loc": { "start": { "line": 358, "column": 22 }, "end": { "line": 360, "column": null } },
        "line": 358
      },
      "20": {
        "name": "(anonymous_20)",
        "decl": { "start": { "line": 497, "column": 63 }, "end": { "line": 497, "column": 64 } },
        "loc": { "start": { "line": 498, "column": 22 }, "end": { "line": 514, "column": null } },
        "line": 498
      },
      "21": {
        "name": "(anonymous_21)",
        "decl": { "start": { "line": 626, "column": 65 }, "end": { "line": 626, "column": 66 } },
        "loc": { "start": { "line": 627, "column": 18 }, "end": { "line": 636, "column": null } },
        "line": 627
      }
    },
    "branchMap": {
      "0": {
        "loc": { "start": { "line": 87, "column": 6 }, "end": { "line": 104, "column": null } },
        "type": "if",
        "locations": [
          { "start": { "line": 87, "column": 6 }, "end": { "line": 104, "column": null } },
          { "start": { "line": 102, "column": 13 }, "end": { "line": 104, "column": null } }
        ],
        "line": 87
      },
      "1": {
        "loc": { "start": { "line": 87, "column": 10 }, "end": { "line": 87, "column": 43 } },
        "type": "binary-expr",
        "locations": [
          { "start": { "line": 87, "column": 10 }, "end": { "line": 87, "column": 28 } },
          { "start": { "line": 87, "column": 28 }, "end": { "line": 87, "column": 43 } }
        ],
        "line": 87
      },
      "2": {
        "loc": { "start": { "line": 94, "column": 10 }, "end": { "line": 96, "column": null } },
        "type": "if",
        "locations": [
          { "start": { "line": 94, "column": 10 }, "end": { "line": 96, "column": null } },
          { "start": {}, "end": {} }
        ],
        "line": 94
      },
      "3": {
        "loc": { "start": { "line": 118, "column": 6 }, "end": { "line": 122, "column": null } },
        "type": "if",
        "locations": [
          { "start": { "line": 118, "column": 6 }, "end": { "line": 122, "column": null } },
          { "start": {}, "end": {} }
        ],
        "line": 118
      },
      "4": {
        "loc": { "start": { "line": 123, "column": 6 }, "end": { "line": 126, "column": null } },
        "type": "if",
        "locations": [
          { "start": { "line": 123, "column": 6 }, "end": { "line": 126, "column": null } },
          { "start": {}, "end": {} }
        ],
        "line": 123
      },
      "5": {
        "loc": { "start": { "line": 129, "column": 6 }, "end": { "line": 138, "column": null } },
        "type": "if",
        "locations": [
          { "start": { "line": 129, "column": 6 }, "end": { "line": 138, "column": null } },
          { "start": {}, "end": {} }
        ],
        "line": 129
      },
      "6": {
        "loc": { "start": { "line": 130, "column": 8 }, "end": { "line": 137, "column": null } },
        "type": "if",
        "locations": [
          { "start": { "line": 130, "column": 8 }, "end": { "line": 137, "column": null } },
          { "start": { "line": 132, "column": 15 }, "end": { "line": 137, "column": null } }
        ],
        "line": 130
      },
      "7": {
        "loc": { "start": { "line": 134, "column": 10 }, "end": { "line": 136, "column": null } },
        "type": "if",
        "locations": [
          { "start": { "line": 134, "column": 10 }, "end": { "line": 136, "column": null } },
          { "start": {}, "end": {} }
        ],
        "line": 134
      },
      "8": {
        "loc": { "start": { "line": 146, "column": 4 }, "end": { "line": 152, "column": null } },
        "type": "if",
        "locations": [
          { "start": { "line": 146, "column": 4 }, "end": { "line": 152, "column": null } },
          { "start": {}, "end": {} }
        ],
        "line": 146
      },
      "9": {
        "loc": { "start": { "line": 149, "column": 8 }, "end": { "line": 149, "column": null } },
        "type": "if",
        "locations": [
          { "start": { "line": 149, "column": 8 }, "end": { "line": 149, "column": null } },
          { "start": {}, "end": {} }
        ],
        "line": 149
      },
      "10": {
        "loc": { "start": { "line": 156, "column": 4 }, "end": { "line": 158, "column": null } },
        "type": "if",
        "locations": [
          { "start": { "line": 156, "column": 4 }, "end": { "line": 158, "column": null } },
          { "start": {}, "end": {} }
        ],
        "line": 156
      },
      "11": {
        "loc": { "start": { "line": 156, "column": 8 }, "end": { "line": 156, "column": 45 } },
        "type": "binary-expr",
        "locations": [
          { "start": { "line": 156, "column": 8 }, "end": { "line": 156, "column": 26 } },
          { "start": { "line": 156, "column": 26 }, "end": { "line": 156, "column": 45 } }
        ],
        "line": 156
      },
      "12": {
        "loc": { "start": { "line": 175, "column": 4 }, "end": { "line": 183, "column": null } },
        "type": "if",
        "locations": [
          { "start": { "line": 175, "column": 4 }, "end": { "line": 183, "column": null } },
          { "start": {}, "end": {} }
        ],
        "line": 175
      },
      "13": {
        "loc": { "start": { "line": 175, "column": 8 }, "end": { "line": 175, "column": 57 } },
        "type": "binary-expr",
        "locations": [
          { "start": { "line": 175, "column": 8 }, "end": { "line": 175, "column": 32 } },
          { "start": { "line": 175, "column": 32 }, "end": { "line": 175, "column": 57 } }
        ],
        "line": 175
      },
      "14": {
        "loc": { "start": { "line": 178, "column": 6 }, "end": { "line": 182, "column": null } },
        "type": "if",
        "locations": [
          { "start": { "line": 178, "column": 6 }, "end": { "line": 182, "column": null } },
          { "start": { "line": 180, "column": 13 }, "end": { "line": 182, "column": null } }
        ],
        "line": 178
      },
      "15": {
        "loc": { "start": { "line": 190, "column": 4 }, "end": { "line": 193, "column": null } },
        "type": "if",
        "locations": [
          { "start": { "line": 190, "column": 4 }, "end": { "line": 193, "column": null } },
          { "start": {}, "end": {} }
        ],
        "line": 190
      },
      "16": {
        "loc": { "start": { "line": 200, "column": 6 }, "end": { "line": 204, "column": null } },
        "type": "if",
        "locations": [
          { "start": { "line": 200, "column": 6 }, "end": { "line": 204, "column": null } },
          { "start": { "line": 202, "column": 13 }, "end": { "line": 204, "column": null } }
        ],
        "line": 200
      },
      "17": {
        "loc": { "start": { "line": 207, "column": 4 }, "end": { "line": 209, "column": null } },
        "type": "if",
        "locations": [
          { "start": { "line": 207, "column": 4 }, "end": { "line": 209, "column": null } },
          { "start": {}, "end": {} }
        ],
        "line": 207
      },
      "18": {
        "loc": { "start": { "line": 217, "column": 6 }, "end": { "line": 224, "column": null } },
        "type": "if",
        "locations": [
          { "start": { "line": 217, "column": 6 }, "end": { "line": 224, "column": null } },
          { "start": { "line": 222, "column": 13 }, "end": { "line": 224, "column": null } }
        ],
        "line": 217
      },
      "19": {
        "loc": { "start": { "line": 243, "column": 9 }, "end": { "line": 703, "column": null } },
        "type": "cond-expr",
        "locations": [
          { "start": { "line": 244, "column": 10 }, "end": { "line": 260, "column": null } },
          { "start": { "line": 262, "column": 10 }, "end": { "line": 703, "column": null } }
        ],
        "line": 243
      },
      "20": {
        "loc": { "start": { "line": 326, "column": 23 }, "end": { "line": 326, "column": null } },
        "type": "cond-expr",
        "locations": [
          { "start": { "line": 326, "column": 41 }, "end": { "line": 326, "column": 74 } },
          { "start": { "line": 326, "column": 74 }, "end": { "line": 326, "column": null } }
        ],
        "line": 326
      },
      "21": {
        "loc": { "start": { "line": 328, "column": 21 }, "end": { "line": 335, "column": null } },
        "type": "binary-expr",
        "locations": [
          { "start": { "line": 328, "column": 21 }, "end": { "line": 328, "column": null } },
          { "start": { "line": 329, "column": 23 }, "end": { "line": 335, "column": null } }
        ],
        "line": 328
      },
      "22": {
        "loc": { "start": { "line": 347, "column": 30 }, "end": { "line": 347, "column": null } },
        "type": "binary-expr",
        "locations": [
          { "start": { "line": 347, "column": 30 }, "end": { "line": 347, "column": 48 } },
          { "start": { "line": 347, "column": 48 }, "end": { "line": 347, "column": null } }
        ],
        "line": 347
      },
      "23": {
        "loc": { "start": { "line": 351, "column": 23 }, "end": { "line": 355, "column": null } },
        "type": "cond-expr",
        "locations": [
          { "start": { "line": 352, "column": 26 }, "end": { "line": 352, "column": null } },
          { "start": { "line": 353, "column": 26 }, "end": { "line": 355, "column": null } }
        ],
        "line": 351
      },
      "24": {
        "loc": { "start": { "line": 353, "column": 26 }, "end": { "line": 355, "column": null } },
        "type": "cond-expr",
        "locations": [
          { "start": { "line": 354, "column": 28 }, "end": { "line": 354, "column": null } },
          { "start": { "line": 355, "column": 28 }, "end": { "line": 355, "column": null } }
        ],
        "line": 353
      },
      "25": {
        "loc": { "start": { "line": 362, "column": 21 }, "end": { "line": 363, "column": null } },
        "type": "binary-expr",
        "locations": [
          { "start": { "line": 362, "column": 21 }, "end": { "line": 362, "column": 43 } },
          { "start": { "line": 362, "column": 43 }, "end": { "line": 362, "column": null } },
          { "start": { "line": 363, "column": 22 }, "end": { "line": 363, "column": null } }
        ],
        "line": 362
      },
      "26": {
        "loc": { "start": { "line": 378, "column": 30 }, "end": { "line": 378, "column": null } },
        "type": "binary-expr",
        "locations": [
          { "start": { "line": 378, "column": 30 }, "end": { "line": 378, "column": 62 } },
          { "start": { "line": 378, "column": 62 }, "end": { "line": 378, "column": null } }
        ],
        "line": 378
      },
      "27": {
        "loc": { "start": { "line": 382, "column": 17 }, "end": { "line": 395, "column": null } },
        "type": "binary-expr",
        "locations": [
          { "start": { "line": 382, "column": 17 }, "end": { "line": 382, "column": null } },
          { "start": { "line": 383, "column": 18 }, "end": { "line": 395, "column": null } }
        ],
        "line": 382
      },
      "28": {
        "loc": { "start": { "line": 507, "column": 25 }, "end": { "line": 513, "column": null } },
        "type": "cond-expr",
        "locations": [
          { "start": { "line": 508, "column": 28 }, "end": { "line": 508, "column": null } },
          { "start": { "line": 509, "column": 28 }, "end": { "line": 513, "column": null } }
        ],
        "line": 507
      },
      "29": {
        "loc": { "start": { "line": 509, "column": 28 }, "end": { "line": 513, "column": null } },
        "type": "cond-expr",
        "locations": [
          { "start": { "line": 510, "column": 30 }, "end": { "line": 510, "column": null } },
          { "start": { "line": 511, "column": 30 }, "end": { "line": 513, "column": null } }
        ],
        "line": 509
      },
      "30": {
        "loc": { "start": { "line": 511, "column": 30 }, "end": { "line": 513, "column": null } },
        "type": "cond-expr",
        "locations": [
          { "start": { "line": 512, "column": 32 }, "end": { "line": 512, "column": null } },
          { "start": { "line": 513, "column": 32 }, "end": { "line": 513, "column": null } }
        ],
        "line": 511
      },
      "31": {
        "loc": { "start": { "line": 517, "column": 19 }, "end": { "line": 527, "column": null } },
        "type": "binary-expr",
        "locations": [
          { "start": { "line": 517, "column": 19 }, "end": { "line": 517, "column": null } },
          { "start": { "line": 518, "column": 20 }, "end": { "line": 527, "column": null } }
        ],
        "line": 517
      },
      "32": {
        "loc": { "start": { "line": 670, "column": 46 }, "end": { "line": 670, "column": 77 } },
        "type": "cond-expr",
        "locations": [
          { "start": { "line": 670, "column": 59 }, "end": { "line": 670, "column": 75 } },
          { "start": { "line": 670, "column": 75 }, "end": { "line": 670, "column": 77 } }
        ],
        "line": 670
      },
      "33": {
        "loc": { "start": { "line": 692, "column": 17 }, "end": { "line": 695, "column": null } },
        "type": "binary-expr",
        "locations": [
          { "start": { "line": 692, "column": 17 }, "end": { "line": 692, "column": null } },
          { "start": { "line": 693, "column": 18 }, "end": { "line": 695, "column": null } }
        ],
        "line": 692
      },
      "34": {
        "loc": { "start": { "line": 701, "column": 15 }, "end": { "line": 701, "column": null } },
        "type": "cond-expr",
        "locations": [
          { "start": { "line": 701, "column": 30 }, "end": { "line": 701, "column": 46 } },
          { "start": { "line": 701, "column": 46 }, "end": { "line": 701, "column": null } }
        ],
        "line": 701
      }
    },
    "s": {
      "0": 1,
      "1": 1,
      "2": 74,
      "3": 74,
      "4": 74,
      "5": 74,
      "6": 74,
      "7": 74,
      "8": 74,
      "9": 21,
      "10": 21,
      "11": 3,
      "12": 3,
      "13": 3,
      "14": 1,
      "15": 1,
      "16": 1,
      "17": 2,
      "18": 3,
      "19": 18,
      "20": 21,
      "21": 74,
      "22": 15,
      "23": 15,
      "24": 15,
      "25": 15,
      "26": 4,
      "27": 4,
      "28": 4,
      "29": 15,
      "30": 3,
      "31": 3,
      "32": 15,
      "33": 3,
      "34": 1,
      "35": 2,
      "36": 1,
      "37": 2,
      "38": 1,
      "39": 15,
      "40": 74,
      "41": 6,
      "42": 6,
      "43": 6,
      "44": 6,
      "45": 6,
      "46": 5,
      "47": 1,
      "48": 1,
      "49": 74,
      "50": 3,
      "51": 2,
      "52": 74,
      "53": 74,
      "54": 1,
      "55": 1,
      "56": 74,
      "57": 1,
      "58": 74,
      "59": 2,
      "60": 2,
      "61": 2,
      "62": 2,
      "63": 2,
      "64": 2,
      "65": 1,
      "66": 1,
      "67": 74,
      "68": 5,
      "69": 5,
      "70": 1,
      "71": 1,
      "72": 4,
      "73": 4,
      "74": 4,
      "75": 4,
      "76": 76,
      "77": 4,
      "78": 4,
      "79": 72,
      "80": 4,
      "81": 1,
      "82": 4,
      "83": 4,
      "84": 3,
      "85": 2,
      "86": 2,
      "87": 2,
      "88": 2,
      "89": 1,
      "90": 1,
      "91": 1,
      "92": 4,
      "93": 74,
      "94": 1,
      "95": 2304,
      "96": 2375,
      "97": 2,
      "98": 288,
      "99": 288
    },
    "f": {
      "0": 74,
      "1": 21,
      "2": 21,
      "3": 15,
      "4": 15,
      "5": 1,
      "6": 6,
      "7": 6,
      "8": 1,
      "9": 3,
      "10": 1,
      "11": 1,
      "12": 2,
      "13": 5,
      "14": 76,
      "15": 4,
      "16": 1,
      "17": 2304,
      "18": 2375,
      "19": 2,
      "20": 288,
      "21": 288
    },
    "b": {
      "0": [3, 18],
      "1": [21, 7],
      "2": [1, 0],
      "3": [4, 11],
      "4": [3, 12],
      "5": [3, 12],
      "6": [1, 2],
      "7": [1, 1],
      "8": [6, 0],
      "9": [5, 1],
      "10": [2, 1],
      "11": [3, 3],
      "12": [2, 0],
      "13": [2, 2],
      "14": [1, 1],
      "15": [1, 4],
      "16": [4, 72],
      "17": [1, 3],
      "18": [2, 1],
      "19": [2, 72],
      "20": [53, 19],
      "21": [72, 19],
      "22": [72, 11],
      "23": [61, 11],
      "24": [3, 8],
      "25": [72, 69, 8],
      "26": [72, 2],
      "27": [72, 1],
      "28": [72, 216],
      "29": [72, 144],
      "30": [72, 72],
      "31": [72, 7],
      "32": [1, 71],
      "33": [72, 6],
      "34": [4, 68]
    },
    "meta": {
      "lastBranch": 35,
      "lastFunction": 22,
      "lastStatement": 100,
      "seen": {
        "s:8:23:8:Infinity": 0,
        "s:42:35:62:Infinity": 1,
        "f:76:24:76:42": 0,
        "s:77:30:77:Infinity": 2,
        "s:78:22:78:Infinity": 3,
        "s:79:38:79:Infinity": 4,
        "s:80:26:80:Infinity": 5,
        "s:81:38:81:Infinity": 6,
        "s:82:48:82:Infinity": 7,
        "s:85:2:108:Infinity": 8,
        "f:85:12:85:18": 1,
        "s:86:26:105:Infinity": 9,
        "f:86:26:86:38": 2,
        "b:87:6:104:Infinity:102:13:104:Infinity": 0,
        "s:87:6:104:Infinity": 10,
        "b:87:10:87:28:87:28:87:43": 1,
        "s:88:8:88:Infinity": 11,
        "s:89:8:101:Infinity": 12,
        "s:90:27:92:Infinity": 13,
        "s:93:23:93:Infinity": 14,
        "b:94:10:96:Infinity:undefined:undefined:undefined:undefined": 2,
        "s:94:10:96:Infinity": 15,
        "s:95:12:95:Infinity": 16,
        "s:98:10:98:Infinity": 17,
        "s:100:10:100:Infinity": 18,
        "s:103:8:103:Infinity": 19,
        "s:107:4:107:Infinity": 20,
        "s:110:23:142:Infinity": 21,
        "f:110:23:110:Infinity": 3,
        "s:113:28:113:Infinity": 22,
        "s:114:4:141:Infinity": 23,
        "f:114:16:114:17": 4,
        "s:115:23:115:Infinity": 24,
        "b:118:6:122:Infinity:undefined:undefined:undefined:undefined": 3,
        "s:118:6:122:Infinity": 25,
        "s:119:8:119:Infinity": 26,
        "s:120:8:120:Infinity": 27,
        "s:121:8:121:Infinity": 28,
        "b:123:6:126:Infinity:undefined:undefined:undefined:undefined": 4,
        "s:123:6:126:Infinity": 29,
        "s:124:8:124:Infinity": 30,
        "s:125:8:125:Infinity": 31,
        "b:129:6:138:Infinity:undefined:undefined:undefined:undefined": 5,
        "s:129:6:138:Infinity": 32,
        "b:130:8:137:Infinity:132:15:137:Infinity": 6,
        "s:130:8:137:Infinity": 33,
        "s:131:10:131:Infinity": 34,
        "s:133:34:133:Infinity": 35,
        "f:133:52:133:53": 5,
        "s:133:59:133:79": 36,
        "b:134:10:136:Infinity:undefined:undefined:undefined:undefined": 7,
        "s:134:10:136:Infinity": 37,
        "s:135:12:135:Infinity": 38,
        "s:140:6:140:Infinity": 39,
        "s:144:31:153:Infinity": 40,
        "f:144:31:144:32": 6,
        "s:145:37:145:Infinity": 41,
        "b:146:4:152:Infinity:undefined:undefined:undefined:undefined": 8,
        "s:146:4:152:Infinity": 42,
        "s:147:6:151:Infinity": 43,
        "f:147:18:147:19": 7,
        "s:148:24:148:Infinity": 44,
        "b:149:8:149:Infinity:undefined:undefined:undefined:undefined": 9,
        "s:149:8:149:Infinity": 45,
        "s:149:21:149:Infinity": 46,
        "s:150:8:150:Infinity": 47,
        "f:150:57:150:58": 8,
        "s:150:67:150:81": 48,
        "s:155:27:159:Infinity": 49,
        "f:155:27:155:28": 9,
        "b:156:4:158:Infinity:undefined:undefined:undefined:undefined": 10,
        "s:156:4:158:Infinity": 50,
        "b:156:8:156:26:156:26:156:45": 11,
        "s:157:6:157:Infinity": 51,
        "s:161:34:161:Infinity": 52,
        "s:163:25:166:Infinity": 53,
        "f:163:25:163:26": 10,
        "s:164:4:164:Infinity": 54,
        "s:165:4:165:Infinity": 55,
        "s:168:26:170:Infinity": 56,
        "f:168:26:168:32": 11,
        "s:169:4:169:Infinity": 57,
        "s:172:21:184:Infinity": 58,
        "f:172:21:172:22": 12,
        "s:173:4:173:Infinity": 59,
        "s:174:4:174:Infinity": 60,
        "b:175:4:183:Infinity:undefined:undefined:undefined:undefined": 12,
        "s:175:4:183:Infinity": 61,
        "b:175:8:175:32:175:32:175:57": 13,
        "s:176:26:176:Infinity": 62,
        "s:177:25:177:Infinity": 63,
        "b:178:6:182:Infinity:180:13:182:Infinity": 14,
        "s:178:6:182:Infinity": 64,
        "s:179:8:179:Infinity": 65,
        "s:181:8:181:Infinity": 66,
        "s:186:23:231:Infinity": 67,
        "f:186:23:186:30": 13,
        "s:187:4:187:Infinity": 68,
        "b:190:4:193:Infinity:undefined:undefined:undefined:undefined": 15,
        "s:190:4:193:Infinity": 69,
        "s:191:6:191:Infinity": 70,
        "s:192:6:192:Infinity": 71,
        "s:195:4:195:Infinity": 72,
        "s:196:4:196:Infinity": 73,
        "s:198:17:198:Infinity": 74,
        "s:199:4:205:Infinity": 75,
        "f:199:37:199:38": 14,
        "b:200:6:204:Infinity:202:13:204:Infinity": 16,
        "s:200:6:204:Infinity": 76,
        "s:201:8:201:Infinity": 77,
        "f:201:22:201:23": 15,
        "s:201:29:201:55": 78,
        "s:203:8:203:Infinity": 79,
        "b:207:4:209:Infinity:undefined:undefined:undefined:undefined": 17,
        "s:207:4:209:Infinity": 80,
        "s:208:6:208:Infinity": 81,
        "s:211:4:230:Infinity": 82,
        "s:212:23:215:Infinity": 83,
        "b:217:6:224:Infinity:222:13:224:Infinity": 18,
        "s:217:6:224:Infinity": 84,
        "s:218:8:218:Infinity": 85,
        "s:219:8:219:Infinity": 86,
        "s:220:8:220:Infinity": 87,
        "s:221:8:221:Infinity": 88,
        "s:223:8:223:Infinity": 89,
        "s:226:6:226:Infinity": 90,
        "s:227:6:227:Infinity": 91,
        "s:229:6:229:Infinity": 92,
        "s:233:2:707:Infinity": 93,
        "b:244:10:260:Infinity:262:10:703:Infinity": 19,
        "f:254:23:254:29": 16,
        "s:254:29:254:Infinity": 94,
        "f:307:40:307:41": 17,
        "s:308:22:310:Infinity": 95,
        "b:326:41:326:74:326:74:326:Infinity": 20,
        "b:328:21:328:Infinity:329:23:335:Infinity": 21,
        "f:330:24:330:25": 18,
        "s:331:26:333:Infinity": 96,
        "b:347:30:347:48:347:48:347:Infinity": 22,
        "b:352:26:352:Infinity:353:26:355:Infinity": 23,
        "b:354:28:354:Infinity:355:28:355:Infinity": 24,
        "f:357:38:357:39": 19,
        "s:358:22:360:Infinity": 97,
        "b:362:21:362:43:362:43:362:Infinity:363:22:363:Infinity": 25,
        "b:378:30:378:62:378:62:378:Infinity": 26,
        "b:382:17:382:Infinity:383:18:395:Infinity": 27,
        "f:497:63:497:64": 20,
        "s:498:22:514:Infinity": 98,
        "b:508:28:508:Infinity:509:28:513:Infinity": 28,
        "b:510:30:510:Infinity:511:30:513:Infinity": 29,
        "b:512:32:512:Infinity:513:32:513:Infinity": 30,
        "b:517:19:517:Infinity:518:20:527:Infinity": 31,
        "f:626:65:626:66": 21,
        "s:627:18:636:Infinity": 99,
        "b:670:59:670:75:670:75:670:77": 32,
        "b:692:17:692:Infinity:693:18:695:Infinity": 33,
        "b:701:30:701:46:701:46:701:Infinity": 34
      }
    }
  },
  "C:\\Users\\felip\\OneDrive\\Documentos\\felipe\\03_Desarrollo_Web\\piic.com.mx\\src\\sections\\About.tsx": {
    "path": "C:\\Users\\felip\\OneDrive\\Documentos\\felipe\\03_Desarrollo_Web\\piic.com.mx\\src\\sections\\About.tsx",
    "statementMap": {
      "0": { "start": { "line": 4, "column": 24 }, "end": { "line": 70, "column": null } },
      "1": { "start": { "line": 5, "column": 12 }, "end": { "line": 5, "column": null } },
      "2": { "start": { "line": 6, "column": 2 }, "end": { "line": 68, "column": null } }
    },
    "fnMap": {
      "0": {
        "name": "(anonymous_0)",
        "decl": { "start": { "line": 4, "column": 24 }, "end": { "line": 4, "column": 30 } },
        "loc": { "start": { "line": 4, "column": 30 }, "end": { "line": 70, "column": null } },
        "line": 4
      }
    },
    "branchMap": {},
    "s": { "0": 1, "1": 5, "2": 5 },
    "f": { "0": 5 },
    "b": {},
    "meta": {
      "lastBranch": 0,
      "lastFunction": 1,
      "lastStatement": 3,
      "seen": {
        "s:4:24:70:Infinity": 0,
        "f:4:24:4:30": 0,
        "s:5:12:5:Infinity": 1,
        "s:6:2:68:Infinity": 2
      }
    }
  },
  "C:\\Users\\felip\\OneDrive\\Documentos\\felipe\\03_Desarrollo_Web\\piic.com.mx\\src\\sections\\Contact.tsx": {
    "path": "C:\\Users\\felip\\OneDrive\\Documentos\\felipe\\03_Desarrollo_Web\\piic.com.mx\\src\\sections\\Contact.tsx",
    "statementMap": {
      "0": { "start": { "line": 5, "column": 26 }, "end": { "line": 259, "column": null } },
      "1": { "start": { "line": 6, "column": 12 }, "end": { "line": 6, "column": null } },
      "2": { "start": { "line": 7, "column": 26 }, "end": { "line": 7, "column": null } },
      "3": { "start": { "line": 8, "column": 38 }, "end": { "line": 8, "column": null } },
      "4": { "start": { "line": 10, "column": 23 }, "end": { "line": 46, "column": null } },
      "5": { "start": { "line": 11, "column": 4 }, "end": { "line": 11, "column": null } },
      "6": { "start": { "line": 12, "column": 4 }, "end": { "line": 12, "column": null } },
      "7": { "start": { "line": 13, "column": 4 }, "end": { "line": 13, "column": null } },
      "8": { "start": { "line": 15, "column": 21 }, "end": { "line": 15, "column": null } },
      "9": { "start": { "line": 16, "column": 17 }, "end": { "line": 23, "column": null } },
      "10": { "start": { "line": 25, "column": 4 }, "end": { "line": 45, "column": null } },
      "11": { "start": { "line": 26, "column": 23 }, "end": { "line": 32, "column": null } },
      "12": { "start": { "line": 34, "column": 21 }, "end": { "line": 34, "column": null } },
      "13": { "start": { "line": 36, "column": 6 }, "end": { "line": 41, "column": null } },
      "14": { "start": { "line": 37, "column": 8 }, "end": { "line": 37, "column": null } },
      "15": { "start": { "line": 39, "column": 8 }, "end": { "line": 39, "column": null } },
      "16": { "start": { "line": 40, "column": 8 }, "end": { "line": 40, "column": null } },
      "17": { "start": { "line": 43, "column": 6 }, "end": { "line": 43, "column": null } },
      "18": { "start": { "line": 44, "column": 6 }, "end": { "line": 44, "column": null } },
      "19": { "start": { "line": 48, "column": 2 }, "end": { "line": 257, "column": null } },
      "20": { "start": { "line": 90, "column": 20 }, "end": { "line": 90, "column": null } }
    },
    "fnMap": {
      "0": {
        "name": "(anonymous_0)",
        "decl": { "start": { "line": 5, "column": 26 }, "end": { "line": 5, "column": 32 } },
        "loc": { "start": { "line": 5, "column": 32 }, "end": { "line": 259, "column": null } },
        "line": 5
      },
      "1": {
        "name": "(anonymous_1)",
        "decl": { "start": { "line": 10, "column": 23 }, "end": { "line": 10, "column": 30 } },
        "loc": { "start": { "line": 10, "column": 70 }, "end": { "line": 46, "column": null } },
        "line": 10
      },
      "2": {
        "name": "(anonymous_2)",
        "decl": { "start": { "line": 89, "column": 27 }, "end": { "line": 89, "column": 33 } },
        "loc": { "start": { "line": 89, "column": 33 }, "end": { "line": 91, "column": null } },
        "line": 89
      }
    },
    "branchMap": {
      "0": {
        "loc": { "start": { "line": 36, "column": 6 }, "end": { "line": 41, "column": null } },
        "type": "if",
        "locations": [
          { "start": { "line": 36, "column": 6 }, "end": { "line": 41, "column": null } },
          { "start": { "line": 38, "column": 13 }, "end": { "line": 41, "column": null } }
        ],
        "line": 36
      },
      "1": {
        "loc": { "start": { "line": 36, "column": 10 }, "end": { "line": 36, "column": 54 } },
        "type": "binary-expr",
        "locations": [
          { "start": { "line": 36, "column": 10 }, "end": { "line": 36, "column": 25 } },
          { "start": { "line": 36, "column": 25 }, "end": { "line": 36, "column": 54 } }
        ],
        "line": 36
      },
      "2": {
        "loc": { "start": { "line": 40, "column": 24 }, "end": { "line": 40, "column": 73 } },
        "type": "binary-expr",
        "locations": [
          { "start": { "line": 40, "column": 24 }, "end": { "line": 40, "column": 42 } },
          { "start": { "line": 40, "column": 42 }, "end": { "line": 40, "column": 73 } }
        ],
        "line": 40
      },
      "3": {
        "loc": { "start": { "line": 84, "column": 13 }, "end": { "line": 171, "column": null } },
        "type": "cond-expr",
        "locations": [
          { "start": { "line": 85, "column": 14 }, "end": { "line": 95, "column": null } },
          { "start": { "line": 97, "column": 14 }, "end": { "line": 171, "column": null } }
        ],
        "line": 84
      },
      "4": {
        "loc": { "start": { "line": 163, "column": 17 }, "end": { "line": 166, "column": null } },
        "type": "binary-expr",
        "locations": [
          { "start": { "line": 163, "column": 17 }, "end": { "line": 163, "column": null } },
          { "start": { "line": 164, "column": 18 }, "end": { "line": 166, "column": null } }
        ],
        "line": 163
      },
      "5": {
        "loc": { "start": { "line": 169, "column": 19 }, "end": { "line": 169, "column": null } },
        "type": "cond-expr",
        "locations": [
          { "start": { "line": 169, "column": 45 }, "end": { "line": 169, "column": 76 } },
          { "start": { "line": 169, "column": 76 }, "end": { "line": 169, "column": null } }
        ],
        "line": 169
      }
    },
    "s": {
      "0": 2,
      "1": 22,
      "2": 22,
      "3": 22,
      "4": 22,
      "5": 5,
      "6": 5,
      "7": 5,
      "8": 5,
      "9": 5,
      "10": 5,
      "11": 5,
      "12": 4,
      "13": 4,
      "14": 2,
      "15": 2,
      "16": 2,
      "17": 1,
      "18": 1,
      "19": 22,
      "20": 1
    },
    "f": { "0": 22, "1": 5, "2": 1 },
    "b": { "0": [2, 2], "1": [4, 2], "2": [2, 1], "3": [2, 20], "4": [20, 3], "5": [5, 15] },
    "meta": {
      "lastBranch": 6,
      "lastFunction": 3,
      "lastStatement": 21,
      "seen": {
        "s:5:26:259:Infinity": 0,
        "f:5:26:5:32": 0,
        "s:6:12:6:Infinity": 1,
        "s:7:26:7:Infinity": 2,
        "s:8:38:8:Infinity": 3,
        "s:10:23:46:Infinity": 4,
        "f:10:23:10:30": 1,
        "s:11:4:11:Infinity": 5,
        "s:12:4:12:Infinity": 6,
        "s:13:4:13:Infinity": 7,
        "s:15:21:15:Infinity": 8,
        "s:16:17:23:Infinity": 9,
        "s:25:4:45:Infinity": 10,
        "s:26:23:32:Infinity": 11,
        "s:34:21:34:Infinity": 12,
        "b:36:6:41:Infinity:38:13:41:Infinity": 0,
        "s:36:6:41:Infinity": 13,
        "b:36:10:36:25:36:25:36:54": 1,
        "s:37:8:37:Infinity": 14,
        "s:39:8:39:Infinity": 15,
        "s:40:8:40:Infinity": 16,
        "b:40:24:40:42:40:42:40:73": 2,
        "s:43:6:43:Infinity": 17,
        "s:44:6:44:Infinity": 18,
        "s:48:2:257:Infinity": 19,
        "b:85:14:95:Infinity:97:14:171:Infinity": 3,
        "f:89:27:89:33": 2,
        "s:90:20:90:Infinity": 20,
        "b:163:17:163:Infinity:164:18:166:Infinity": 4,
        "b:169:45:169:76:169:76:169:Infinity": 5
      }
    }
  },
  "C:\\Users\\felip\\OneDrive\\Documentos\\felipe\\03_Desarrollo_Web\\piic.com.mx\\src\\sections\\DigitalTransformation.tsx": {
    "path": "C:\\Users\\felip\\OneDrive\\Documentos\\felipe\\03_Desarrollo_Web\\piic.com.mx\\src\\sections\\DigitalTransformation.tsx",
    "statementMap": {
      "0": { "start": { "line": 4, "column": 40 }, "end": { "line": 181, "column": null } },
      "1": { "start": { "line": 5, "column": 12 }, "end": { "line": 5, "column": null } },
      "2": { "start": { "line": 7, "column": 2 }, "end": { "line": 179, "column": null } }
    },
    "fnMap": {
      "0": {
        "name": "(anonymous_0)",
        "decl": { "start": { "line": 4, "column": 40 }, "end": { "line": 4, "column": 46 } },
        "loc": { "start": { "line": 4, "column": 46 }, "end": { "line": 181, "column": null } },
        "line": 4
      }
    },
    "branchMap": {},
    "s": { "0": 1, "1": 5, "2": 5 },
    "f": { "0": 5 },
    "b": {},
    "meta": {
      "lastBranch": 0,
      "lastFunction": 1,
      "lastStatement": 3,
      "seen": {
        "s:4:40:181:Infinity": 0,
        "f:4:40:4:46": 0,
        "s:5:12:5:Infinity": 1,
        "s:7:2:179:Infinity": 2
      }
    }
  },
  "C:\\Users\\felip\\OneDrive\\Documentos\\felipe\\03_Desarrollo_Web\\piic.com.mx\\src\\sections\\Features.tsx": {
    "path": "C:\\Users\\felip\\OneDrive\\Documentos\\felipe\\03_Desarrollo_Web\\piic.com.mx\\src\\sections\\Features.tsx",
    "statementMap": {
      "0": { "start": { "line": 4, "column": 27 }, "end": { "line": 94, "column": null } },
      "1": { "start": { "line": 5, "column": 12 }, "end": { "line": 5, "column": null } },
      "2": { "start": { "line": 7, "column": 22 }, "end": { "line": 33, "column": null } },
      "3": { "start": { "line": 35, "column": 2 }, "end": { "line": 92, "column": null } },
      "4": { "start": { "line": 43, "column": 12 }, "end": { "line": 49, "column": null } }
    },
    "fnMap": {
      "0": {
        "name": "(anonymous_0)",
        "decl": { "start": { "line": 4, "column": 27 }, "end": { "line": 4, "column": 33 } },
        "loc": { "start": { "line": 4, "column": 33 }, "end": { "line": 94, "column": null } },
        "line": 4
      },
      "1": {
        "name": "(anonymous_1)",
        "decl": { "start": { "line": 42, "column": 27 }, "end": { "line": 42, "column": 28 } },
        "loc": { "start": { "line": 43, "column": 12 }, "end": { "line": 49, "column": null } },
        "line": 43
      }
    },
    "branchMap": {},
    "s": { "0": 1, "1": 5, "2": 5, "3": 5, "4": 25 },
    "f": { "0": 5, "1": 25 },
    "b": {},
    "meta": {
      "lastBranch": 0,
      "lastFunction": 2,
      "lastStatement": 5,
      "seen": {
        "s:4:27:94:Infinity": 0,
        "f:4:27:4:33": 0,
        "s:5:12:5:Infinity": 1,
        "s:7:22:33:Infinity": 2,
        "s:35:2:92:Infinity": 3,
        "f:42:27:42:28": 1,
        "s:43:12:49:Infinity": 4
      }
    }
  },
  "C:\\Users\\felip\\OneDrive\\Documentos\\felipe\\03_Desarrollo_Web\\piic.com.mx\\src\\sections\\Footer.tsx": {
    "path": "C:\\Users\\felip\\OneDrive\\Documentos\\felipe\\03_Desarrollo_Web\\piic.com.mx\\src\\sections\\Footer.tsx",
    "statementMap": {
      "0": { "start": { "line": 8, "column": 38 }, "end": { "line": 170, "column": null } },
      "1": { "start": { "line": 9, "column": 12 }, "end": { "line": 9, "column": null } },
      "2": { "start": { "line": 11, "column": 2 }, "end": { "line": 168, "column": null } }
    },
    "fnMap": {
      "0": {
        "name": "(anonymous_0)",
        "decl": { "start": { "line": 8, "column": 38 }, "end": { "line": 8, "column": 39 } },
        "loc": { "start": { "line": 8, "column": 70 }, "end": { "line": 170, "column": null } },
        "line": 8
      }
    },
    "branchMap": {
      "0": {
        "loc": { "start": { "line": 8, "column": 41 }, "end": { "line": 8, "column": 64 } },
        "type": "default-arg",
        "locations": [{ "start": { "line": 8, "column": 58 }, "end": { "line": 8, "column": 64 } }],
        "line": 8
      },
      "1": {
        "loc": { "start": { "line": 34, "column": 11 }, "end": { "line": 45, "column": null } },
        "type": "binary-expr",
        "locations": [
          { "start": { "line": 34, "column": 11 }, "end": { "line": 34, "column": null } },
          { "start": { "line": 35, "column": 12 }, "end": { "line": 45, "column": null } }
        ],
        "line": 34
      }
    },
    "s": { "0": 2, "1": 78, "2": 78 },
    "f": { "0": 78 },
    "b": { "0": [78], "1": [78, 78] },
    "meta": {
      "lastBranch": 2,
      "lastFunction": 1,
      "lastStatement": 3,
      "seen": {
        "s:8:38:170:Infinity": 0,
        "f:8:38:8:39": 0,
        "b:8:58:8:64": 0,
        "s:9:12:9:Infinity": 1,
        "s:11:2:168:Infinity": 2,
        "b:34:11:34:Infinity:35:12:45:Infinity": 1
      }
    }
  },
  "C:\\Users\\felip\\OneDrive\\Documentos\\felipe\\03_Desarrollo_Web\\piic.com.mx\\src\\sections\\Header.tsx": {
    "path": "C:\\Users\\felip\\OneDrive\\Documentos\\felipe\\03_Desarrollo_Web\\piic.com.mx\\src\\sections\\Header.tsx",
    "statementMap": {
      "0": { "start": { "line": 11, "column": 38 }, "end": { "line": 506, "column": null } },
      "1": { "start": { "line": 12, "column": 12 }, "end": { "line": 12, "column": null } },
      "2": { "start": { "line": 13, "column": 34 }, "end": { "line": 13, "column": null } },
      "3": { "start": { "line": 14, "column": 34 }, "end": { "line": 14, "column": null } },
      "4": { "start": { "line": 15, "column": 42 }, "end": { "line": 15, "column": null } },
      "5": { "start": { "line": 17, "column": 2 }, "end": { "line": 23, "column": null } },
      "6": { "start": { "line": 18, "column": 25 }, "end": { "line": 20, "column": null } },
      "7": { "start": { "line": 19, "column": 6 }, "end": { "line": 19, "column": null } },
      "8": { "start": { "line": 21, "column": 4 }, "end": { "line": 21, "column": null } },
      "9": { "start": { "line": 22, "column": 4 }, "end": { "line": 22, "column": null } },
      "10": { "start": { "line": 22, "column": 17 }, "end": { "line": 22, "column": null } },
      "11": { "start": { "line": 25, "column": 21 }, "end": { "line": 32, "column": null } },
      "12": { "start": { "line": 26, "column": 4 }, "end": { "line": 26, "column": null } },
      "13": { "start": { "line": 27, "column": 4 }, "end": { "line": 31, "column": null } },
      "14": { "start": { "line": 28, "column": 6 }, "end": { "line": 28, "column": null } },
      "15": { "start": { "line": 30, "column": 6 }, "end": { "line": 30, "column": null } },
      "16": { "start": { "line": 34, "column": 20 }, "end": { "line": 37, "column": null } },
      "17": { "start": { "line": 35, "column": 4 }, "end": { "line": 35, "column": null } },
      "18": { "start": { "line": 36, "column": 4 }, "end": { "line": 36, "column": null } },
      "19": { "start": { "line": 39, "column": 2 }, "end": { "line": 504, "column": null } },
      "20": { "start": { "line": 123, "column": 77 }, "end": { "line": 123, "column": null } }
    },
    "fnMap": {
      "0": {
        "name": "(anonymous_0)",
        "decl": { "start": { "line": 11, "column": 38 }, "end": { "line": 11, "column": 39 } },
        "loc": { "start": { "line": 11, "column": 82 }, "end": { "line": 506, "column": null } },
        "line": 11
      },
      "1": {
        "name": "(anonymous_1)",
        "decl": { "start": { "line": 17, "column": 12 }, "end": { "line": 17, "column": 18 } },
        "loc": { "start": { "line": 17, "column": 18 }, "end": { "line": 23, "column": 5 } },
        "line": 17
      },
      "2": {
        "name": "(anonymous_2)",
        "decl": { "start": { "line": 18, "column": 25 }, "end": { "line": 18, "column": 31 } },
        "loc": { "start": { "line": 18, "column": 31 }, "end": { "line": 20, "column": null } },
        "line": 18
      },
      "3": {
        "name": "(anonymous_3)",
        "decl": { "start": { "line": 22, "column": 11 }, "end": { "line": 22, "column": 17 } },
        "loc": { "start": { "line": 22, "column": 17 }, "end": { "line": 22, "column": null } },
        "line": 22
      },
      "4": {
        "name": "(anonymous_4)",
        "decl": { "start": { "line": 25, "column": 21 }, "end": { "line": 25, "column": 27 } },
        "loc": { "start": { "line": 25, "column": 27 }, "end": { "line": 32, "column": null } },
        "line": 25
      },
      "5": {
        "name": "(anonymous_5)",
        "decl": { "start": { "line": 34, "column": 20 }, "end": { "line": 34, "column": 26 } },
        "loc": { "start": { "line": 34, "column": 26 }, "end": { "line": 37, "column": null } },
        "line": 34
      },
      "6": {
        "name": "(anonymous_6)",
        "decl": { "start": { "line": 123, "column": 71 }, "end": { "line": 123, "column": 77 } },
        "loc": { "start": { "line": 123, "column": 77 }, "end": { "line": 123, "column": null } },
        "line": 123
      }
    },
    "branchMap": {
      "0": {
        "loc": { "start": { "line": 11, "column": 41 }, "end": { "line": 11, "column": 57 } },
        "type": "default-arg",
        "locations": [
          { "start": { "line": 11, "column": 51 }, "end": { "line": 11, "column": 57 } }
        ],
        "line": 11
      },
      "1": {
        "loc": { "start": { "line": 11, "column": 57 }, "end": { "line": 11, "column": 76 } },
        "type": "default-arg",
        "locations": [
          { "start": { "line": 11, "column": 70 }, "end": { "line": 11, "column": 76 } }
        ],
        "line": 11
      },
      "2": {
        "loc": { "start": { "line": 27, "column": 4 }, "end": { "line": 31, "column": null } },
        "type": "if",
        "locations": [
          { "start": { "line": 27, "column": 4 }, "end": { "line": 31, "column": null } },
          { "start": { "line": 29, "column": 11 }, "end": { "line": 31, "column": null } }
        ],
        "line": 27
      },
      "3": {
        "loc": { "start": { "line": 40, "column": 33 }, "end": { "line": 40, "column": 68 } },
        "type": "cond-expr",
        "locations": [
          { "start": { "line": 40, "column": 46 }, "end": { "line": 40, "column": 66 } },
          { "start": { "line": 40, "column": 66 }, "end": { "line": 40, "column": 68 } }
        ],
        "line": 40
      },
      "4": {
        "loc": { "start": { "line": 43, "column": 19 }, "end": { "line": 43, "column": null } },
        "type": "cond-expr",
        "locations": [
          { "start": { "line": 43, "column": 32 }, "end": { "line": 43, "column": 57 } },
          { "start": { "line": 43, "column": 57 }, "end": { "line": 43, "column": null } }
        ],
        "line": 43
      },
      "5": {
        "loc": { "start": { "line": 70, "column": 9 }, "end": { "line": 146, "column": null } },
        "type": "cond-expr",
        "locations": [
          { "start": { "line": 71, "column": 10 }, "end": { "line": 77, "column": null } },
          { "start": { "line": 79, "column": 10 }, "end": { "line": 146, "column": null } }
        ],
        "line": 70
      },
      "6": {
        "loc": { "start": { "line": 98, "column": 15 }, "end": { "line": 101, "column": null } },
        "type": "binary-expr",
        "locations": [
          { "start": { "line": 98, "column": 15 }, "end": { "line": 98, "column": null } },
          { "start": { "line": 99, "column": 16 }, "end": { "line": 101, "column": null } }
        ],
        "line": 98
      },
      "7": {
        "loc": { "start": { "line": 107, "column": 43 }, "end": { "line": 107, "column": 69 } },
        "type": "cond-expr",
        "locations": [
          { "start": { "line": 107, "column": 56 }, "end": { "line": 107, "column": 67 } },
          { "start": { "line": 107, "column": 67 }, "end": { "line": 107, "column": 69 } }
        ],
        "line": 107
      },
      "8": {
        "loc": { "start": { "line": 111, "column": 42 }, "end": { "line": 111, "column": 77 } },
        "type": "cond-expr",
        "locations": [
          { "start": { "line": 111, "column": 55 }, "end": { "line": 111, "column": 68 } },
          { "start": { "line": 111, "column": 68 }, "end": { "line": 111, "column": 77 } }
        ],
        "line": 111
      },
      "9": {
        "loc": { "start": { "line": 116, "column": 43 }, "end": { "line": 116, "column": 67 } },
        "type": "cond-expr",
        "locations": [
          { "start": { "line": 116, "column": 56 }, "end": { "line": 116, "column": 65 } },
          { "start": { "line": 116, "column": 65 }, "end": { "line": 116, "column": 67 } }
        ],
        "line": 116
      },
      "10": {
        "loc": { "start": { "line": 125, "column": 78 }, "end": { "line": 125, "column": 106 } },
        "type": "cond-expr",
        "locations": [
          { "start": { "line": 125, "column": 95 }, "end": { "line": 125, "column": 104 } },
          { "start": { "line": 125, "column": 104 }, "end": { "line": 125, "column": 106 } }
        ],
        "line": 125
      },
      "11": {
        "loc": { "start": { "line": 127, "column": 61 }, "end": { "line": 127, "column": 89 } },
        "type": "cond-expr",
        "locations": [
          { "start": { "line": 127, "column": 78 }, "end": { "line": 127, "column": 87 } },
          { "start": { "line": 127, "column": 87 }, "end": { "line": 127, "column": 89 } }
        ],
        "line": 127
      },
      "12": {
        "loc": { "start": { "line": 137, "column": 17 }, "end": { "line": 142, "column": null } },
        "type": "binary-expr",
        "locations": [
          { "start": { "line": 137, "column": 17 }, "end": { "line": 137, "column": null } },
          { "start": { "line": 138, "column": 18 }, "end": { "line": 142, "column": null } }
        ],
        "line": 137
      }
    },
    "s": {
      "0": 3,
      "1": 95,
      "2": 95,
      "3": 95,
      "4": 95,
      "5": 95,
      "6": 26,
      "7": 2,
      "8": 26,
      "9": 26,
      "10": 26,
      "11": 95,
      "12": 4,
      "13": 4,
      "14": 3,
      "15": 1,
      "16": 95,
      "17": 1,
      "18": 1,
      "19": 95,
      "20": 2
    },
    "f": { "0": 95, "1": 26, "2": 2, "3": 26, "4": 4, "5": 1, "6": 2 },
    "b": {
      "0": [95],
      "1": [95],
      "2": [3, 1],
      "3": [1, 94],
      "4": [74, 21],
      "5": [74, 21],
      "6": [21, 21],
      "7": [5, 16],
      "8": [5, 16],
      "9": [5, 16],
      "10": [1, 20],
      "11": [1, 20],
      "12": [21, 21]
    },
    "meta": {
      "lastBranch": 13,
      "lastFunction": 7,
      "lastStatement": 21,
      "seen": {
        "s:11:38:506:Infinity": 0,
        "f:11:38:11:39": 0,
        "b:11:51:11:57": 0,
        "b:11:70:11:76": 1,
        "s:12:12:12:Infinity": 1,
        "s:13:34:13:Infinity": 2,
        "s:14:34:14:Infinity": 3,
        "s:15:42:15:Infinity": 4,
        "s:17:2:23:Infinity": 5,
        "f:17:12:17:18": 1,
        "s:18:25:20:Infinity": 6,
        "f:18:25:18:31": 2,
        "s:19:6:19:Infinity": 7,
        "s:21:4:21:Infinity": 8,
        "s:22:4:22:Infinity": 9,
        "f:22:11:22:17": 3,
        "s:22:17:22:Infinity": 10,
        "s:25:21:32:Infinity": 11,
        "f:25:21:25:27": 4,
        "s:26:4:26:Infinity": 12,
        "b:27:4:31:Infinity:29:11:31:Infinity": 2,
        "s:27:4:31:Infinity": 13,
        "s:28:6:28:Infinity": 14,
        "s:30:6:30:Infinity": 15,
        "s:34:20:37:Infinity": 16,
        "f:34:20:34:26": 5,
        "s:35:4:35:Infinity": 17,
        "s:36:4:36:Infinity": 18,
        "s:39:2:504:Infinity": 19,
        "b:40:46:40:66:40:66:40:68": 3,
        "b:43:32:43:57:43:57:43:Infinity": 4,
        "b:71:10:77:Infinity:79:10:146:Infinity": 5,
        "b:98:15:98:Infinity:99:16:101:Infinity": 6,
        "b:107:56:107:67:107:67:107:69": 7,
        "b:111:55:111:68:111:68:111:77": 8,
        "b:116:56:116:65:116:65:116:67": 9,
        "f:123:71:123:77": 6,
        "s:123:77:123:Infinity": 20,
        "b:125:95:125:104:125:104:125:106": 10,
        "b:127:78:127:87:127:87:127:89": 11,
        "b:137:17:137:Infinity:138:18:142:Infinity": 12
      }
    }
  },
  "C:\\Users\\felip\\OneDrive\\Documentos\\felipe\\03_Desarrollo_Web\\piic.com.mx\\src\\sections\\Hero.tsx": {
    "path": "C:\\Users\\felip\\OneDrive\\Documentos\\felipe\\03_Desarrollo_Web\\piic.com.mx\\src\\sections\\Hero.tsx",
    "statementMap": {
      "0": { "start": { "line": 5, "column": 23 }, "end": { "line": 82, "column": null } },
      "1": { "start": { "line": 6, "column": 12 }, "end": { "line": 6, "column": null } },
      "2": { "start": { "line": 7, "column": 2 }, "end": { "line": 80, "column": null } }
    },
    "fnMap": {
      "0": {
        "name": "(anonymous_0)",
        "decl": { "start": { "line": 5, "column": 23 }, "end": { "line": 5, "column": 29 } },
        "loc": { "start": { "line": 5, "column": 29 }, "end": { "line": 82, "column": null } },
        "line": 5
      }
    },
    "branchMap": {},
    "s": { "0": 1, "1": 5, "2": 5 },
    "f": { "0": 5 },
    "b": {},
    "meta": {
      "lastBranch": 0,
      "lastFunction": 1,
      "lastStatement": 3,
      "seen": {
        "s:5:23:82:Infinity": 0,
        "f:5:23:5:29": 0,
        "s:6:12:6:Infinity": 1,
        "s:7:2:80:Infinity": 2
      }
    }
  },
  "C:\\Users\\felip\\OneDrive\\Documentos\\felipe\\03_Desarrollo_Web\\piic.com.mx\\src\\sections\\Process.tsx": {
    "path": "C:\\Users\\felip\\OneDrive\\Documentos\\felipe\\03_Desarrollo_Web\\piic.com.mx\\src\\sections\\Process.tsx",
    "statementMap": {
      "0": { "start": { "line": 4, "column": 26 }, "end": { "line": 105, "column": null } },
      "1": { "start": { "line": 5, "column": 12 }, "end": { "line": 5, "column": null } },
      "2": { "start": { "line": 7, "column": 16 }, "end": { "line": 32, "column": null } },
      "3": { "start": { "line": 34, "column": 2 }, "end": { "line": 103, "column": null } },
      "4": { "start": { "line": 43, "column": 12 }, "end": { "line": 52, "column": null } }
    },
    "fnMap": {
      "0": {
        "name": "(anonymous_0)",
        "decl": { "start": { "line": 4, "column": 26 }, "end": { "line": 4, "column": 32 } },
        "loc": { "start": { "line": 4, "column": 32 }, "end": { "line": 105, "column": null } },
        "line": 4
      },
      "1": {
        "name": "(anonymous_1)",
        "decl": { "start": { "line": 42, "column": 21 }, "end": { "line": 42, "column": 22 } },
        "loc": { "start": { "line": 43, "column": 12 }, "end": { "line": 52, "column": null } },
        "line": 43
      }
    },
    "branchMap": {},
    "s": { "0": 1, "1": 5, "2": 5, "3": 5, "4": 20 },
    "f": { "0": 5, "1": 20 },
    "b": {},
    "meta": {
      "lastBranch": 0,
      "lastFunction": 2,
      "lastStatement": 5,
      "seen": {
        "s:4:26:105:Infinity": 0,
        "f:4:26:4:32": 0,
        "s:5:12:5:Infinity": 1,
        "s:7:16:32:Infinity": 2,
        "s:34:2:103:Infinity": 3,
        "f:42:21:42:22": 1,
        "s:43:12:52:Infinity": 4
      }
    }
  },
  "C:\\Users\\felip\\OneDrive\\Documentos\\felipe\\03_Desarrollo_Web\\piic.com.mx\\src\\sections\\Services.tsx": {
    "path": "C:\\Users\\felip\\OneDrive\\Documentos\\felipe\\03_Desarrollo_Web\\piic.com.mx\\src\\sections\\Services.tsx",
    "statementMap": {
      "0": { "start": { "line": 10, "column": 48 }, "end": { "line": 46, "column": null } },
      "1": { "start": { "line": 11, "column": 2 }, "end": { "line": 46, "column": null } },
      "2": { "start": { "line": 49, "column": 27 }, "end": { "line": 171, "column": null } },
      "3": { "start": { "line": 50, "column": 12 }, "end": { "line": 50, "column": null } },
      "4": { "start": { "line": 52, "column": 22 }, "end": { "line": 83, "column": null } },
      "5": { "start": { "line": 85, "column": 2 }, "end": { "line": 169, "column": null } },
      "6": { "start": { "line": 94, "column": 12 }, "end": { "line": 94, "column": null } }
    },
    "fnMap": {
      "0": {
        "name": "(anonymous_0)",
        "decl": { "start": { "line": 10, "column": 48 }, "end": { "line": 10, "column": 49 } },
        "loc": { "start": { "line": 11, "column": 2 }, "end": { "line": 46, "column": null } },
        "line": 11
      },
      "1": {
        "name": "(anonymous_1)",
        "decl": { "start": { "line": 49, "column": 27 }, "end": { "line": 49, "column": 33 } },
        "loc": { "start": { "line": 49, "column": 33 }, "end": { "line": 171, "column": null } },
        "line": 49
      },
      "2": {
        "name": "(anonymous_2)",
        "decl": { "start": { "line": 93, "column": 27 }, "end": { "line": 93, "column": 28 } },
        "loc": { "start": { "line": 94, "column": 12 }, "end": { "line": 94, "column": null } },
        "line": 94
      }
    },
    "branchMap": {},
    "s": { "0": 1, "1": 30, "2": 1, "3": 5, "4": 5, "5": 5, "6": 30 },
    "f": { "0": 30, "1": 5, "2": 30 },
    "b": {},
    "meta": {
      "lastBranch": 0,
      "lastFunction": 3,
      "lastStatement": 7,
      "seen": {
        "s:10:48:46:Infinity": 0,
        "f:10:48:10:49": 0,
        "s:11:2:46:Infinity": 1,
        "s:49:27:171:Infinity": 2,
        "f:49:27:49:33": 1,
        "s:50:12:50:Infinity": 3,
        "s:52:22:83:Infinity": 4,
        "s:85:2:169:Infinity": 5,
        "f:93:27:93:28": 2,
        "s:94:12:94:Infinity": 6
      }
    }
  }
}
